{
  "RSpec": {
    "coverage": {
      "/home/sahiltiwade/ROR-Learning/task_manager_api/app/models/user.rb": {
        "lines": [
          1,
          1,
          1,
          null,
          1,
          1,
          1,
          null
        ]
      },
      "/home/sahiltiwade/ROR-Learning/task_manager_api/app/models/application_record.rb": {
        "lines": [
          1,
          1,
          null
        ]
      },
      "/home/sahiltiwade/ROR-Learning/task_manager_api/app/models/task.rb": {
        "lines": [
          1,
          1,
          null,
          1,
          1,
          null
        ]
      },
      "/home/sahiltiwade/ROR-Learning/task_manager_api/app/services/json_web_token.rb": {
        "lines": [
          null,
          1,
          1,
          null,
          1,
          2,
          2,
          null,
          null,
          1,
          2,
          2,
          null,
          0,
          null,
          null
        ]
      },
      "/home/sahiltiwade/ROR-Learning/task_manager_api/app/controllers/tasks_controller.rb": {
        "lines": [
          1,
          1,
          0,
          null,
          null,
          1,
          1,
          0,
          null,
          null,
          1,
          0,
          null,
          0,
          0,
          null,
          0,
          null,
          null,
          null,
          1,
          1,
          null,
          1,
          1,
          null,
          0,
          null,
          null,
          null,
          1,
          0,
          0,
          0,
          null,
          null,
          1,
          null,
          1,
          1,
          null,
          null,
          null,
          null
        ]
      },
      "/home/sahiltiwade/ROR-Learning/task_manager_api/app/controllers/application_controller.rb": {
        "lines": [
          1,
          1,
          null,
          1,
          null,
          1,
          1,
          2,
          2,
          null,
          2,
          null,
          2,
          2,
          null,
          0,
          null,
          null,
          0,
          null,
          null
        ]
      },
      "/home/sahiltiwade/ROR-Learning/task_manager_api/app/controllers/authentication_controller.rb": {
        "lines": [
          0,
          0,
          null,
          0,
          0,
          null,
          0,
          0,
          0,
          0,
          0,
          0,
          0,
          0,
          null,
          0,
          0,
          null,
          0,
          0,
          0,
          0,
          0,
          0,
          0,
          0,
          null,
          0,
          null,
          0,
          0,
          0,
          0
        ],
        "branches": {}
      },
      "/home/sahiltiwade/ROR-Learning/task_manager_api/app/jobs/application_job.rb": {
        "lines": [
          0,
          null,
          null,
          null,
          null,
          null,
          0
        ],
        "branches": {}
      },
      "/home/sahiltiwade/ROR-Learning/task_manager_api/app/mailers/application_mailer.rb": {
        "lines": [
          0,
          0,
          0,
          0
        ],
        "branches": {}
      }
    },
    "timestamp": 1768741825
  }
}
