{
  "RSpec": {
    "coverage": {
      "/home/sahil/task_manager_api/app/models/task.rb": {
        "lines": [
          1,
          1,
          null,
          1,
          1,
          null,
          null,
          29,
          26,
          null,
          null,
          29,
          null,
          null,
          23,
          23,
          null,
          null,
          1,
          1,
          null,
          1,
          28,
          28,
          null,
          28,
          28,
          null,
          28,
          null,
          null
        ]
      },
      "/home/sahil/task_manager_api/app/models/application_record.rb": {
        "lines": [
          1,
          1,
          null
        ]
      },
      "/home/sahil/task_manager_api/app/models/user.rb": {
        "lines": [
          1,
          1,
          1,
          null,
          1,
          1,
          1,
          null
        ]
      },
      "/home/sahil/task_manager_api/app/controllers/api/v1/authentication_controller.rb": {
        "lines": [
          1,
          1,
          1,
          1,
          null,
          1,
          2,
          null,
          2,
          1,
          1,
          null,
          1,
          null,
          null,
          null,
          1,
          2,
          null,
          2,
          1,
          1,
          null,
          1,
          null,
          null,
          null,
          1,
          null,
          1,
          2,
          null,
          null,
          null,
          null
        ]
      },
      "/home/sahil/task_manager_api/app/controllers/api/v1/base_controller.rb": {
        "lines": [
          1,
          1,
          1,
          null,
          null,
          null
        ]
      },
      "/home/sahil/task_manager_api/app/controllers/application_controller.rb": {
        "lines": [
          1,
          1,
          null,
          1,
          null,
          null,
          1,
          1,
          1,
          null,
          1,
          null,
          1,
          60,
          60,
          null,
          60,
          null,
          60,
          53,
          null,
          7,
          null,
          null,
          0,
          null,
          null,
          1,
          6,
          null,
          null,
          1,
          0,
          null,
          null,
          1,
          0,
          null,
          null
        ]
      },
      "/home/sahil/task_manager_api/app/services/json_web_token.rb": {
        "lines": [
          null,
          1,
          1,
          null,
          1,
          57,
          57,
          null,
          null,
          1,
          60,
          53,
          null,
          7,
          null,
          null
        ]
      },
      "/home/sahil/task_manager_api/app/controllers/api/v1/tasks_controller.rb": {
        "lines": [
          1,
          1,
          1,
          1,
          1,
          null,
          1,
          1,
          1,
          1,
          1,
          1,
          1,
          null,
          1,
          null,
          null,
          1,
          1,
          1,
          null,
          null,
          1,
          1,
          null,
          1,
          1,
          null,
          0,
          null,
          null,
          null,
          1,
          1,
          null,
          1,
          1,
          null,
          0,
          null,
          null,
          null,
          1,
          1,
          1,
          1,
          null,
          null,
          1,
          1,
          null,
          1,
          null,
          null,
          null,
          null,
          null,
          null,
          null,
          null,
          null,
          null,
          1,
          1,
          null,
          1,
          1,
          null,
          0,
          null,
          null,
          null,
          1,
          null,
          1,
          2,
          null,
          null,
          1,
          null,
          1,
          null,
          null,
          null,
          null,
          null,
          null,
          null,
          null
        ]
      },
      "/home/sahil/task_manager_api/app/serializers/task_serializer.rb": {
        "lines": [
          1,
          1,
          null
        ]
      },
      "/home/sahil/task_manager_api/app/controllers/tasks_controller.rb": {
        "lines": [
          1,
          1,
          20,
          null,
          null,
          20,
          20,
          null,
          null,
          20,
          null,
          null,
          20,
          20,
          null,
          null,
          20,
          null,
          null,
          20,
          null,
          20,
          null,
          null,
          1,
          6,
          3,
          null,
          null,
          1,
          3,
          null,
          3,
          1,
          null,
          2,
          null,
          null,
          null,
          1,
          4,
          null,
          2,
          1,
          null,
          1,
          null,
          null,
          null,
          1,
          1,
          1,
          1,
          null,
          null,
          1,
          1,
          null,
          1,
          null,
          null,
          null,
          null,
          null,
          null,
          null,
          null,
          null,
          null,
          1,
          2,
          null,
          1,
          1,
          null,
          0,
          null,
          null,
          null,
          1,
          2,
          2,
          2,
          2,
          null,
          2,
          null,
          null,
          1,
          null,
          1,
          5,
          null,
          null,
          1,
          null,
          22,
          null,
          null,
          null,
          null,
          null,
          null
        ]
      },
      "/home/sahil/task_manager_api/app/controllers/authentication_controller.rb": {
        "lines": [
          1,
          1,
          null,
          1,
          2,
          null,
          2,
          1,
          1,
          null,
          1,
          null,
          null,
          null,
          null,
          1,
          2,
          null,
          2,
          1,
          1,
          null,
          1,
          null,
          null,
          null,
          null,
          1,
          null,
          1,
          2,
          null,
          null
        ]
      },
      "/home/sahil/task_manager_api/app/controllers/profiles_controller.rb": {
        "lines": [
          1,
          1,
          1,
          null,
          null,
          1,
          2,
          1,
          null,
          1,
          null,
          null,
          null,
          1,
          null,
          1,
          2,
          null,
          null,
          1,
          null,
          2,
          null,
          null,
          null,
          null,
          null,
          null,
          null,
          null,
          null
        ]
      },
      "/home/sahil/task_manager_api/app/controllers/user_tasks_controller.rb": {
        "lines": [
          1,
          1,
          4,
          null,
          4,
          1,
          1,
          null,
          null,
          3,
          null,
          3,
          3,
          3,
          3,
          3,
          null,
          3,
          null,
          null,
          1,
          null,
          1,
          null,
          3,
          null,
          null,
          null,
          null,
          null,
          null
        ]
      },
      "/home/sahil/task_manager_api/app/controllers/api/v1/profiles_controller.rb": {
        "lines": [
          1,
          1,
          1,
          1,
          0,
          null,
          null,
          1,
          0,
          0,
          null,
          0,
          null,
          null,
          null,
          1,
          null,
          1,
          0,
          null,
          null,
          1,
          null,
          0,
          null,
          null,
          null,
          null,
          null,
          null,
          null,
          null,
          null,
          null,
          null
        ]
      },
      "/home/sahil/task_manager_api/app/jobs/application_job.rb": {
        "lines": [
          0,
          null,
          null,
          null,
          null,
          null,
          0
        ],
        "branches": {}
      },
      "/home/sahil/task_manager_api/app/mailers/application_mailer.rb": {
        "lines": [
          0,
          0,
          0,
          0
        ],
        "branches": {}
      }
    },
    "timestamp": 1774859509
  }
}
